#! /c/Source/iverilog-install/bin/vvp
:ivl_version "12.0 (devel)" "(s20150603-1539-g2693dd32b)";
:ivl_delay_selection "TYPICAL";
:vpi_time_precision - 12;
:vpi_module "C:\iverilog\lib\ivl\system.vpi";
:vpi_module "C:\iverilog\lib\ivl\vhdl_sys.vpi";
:vpi_module "C:\iverilog\lib\ivl\vhdl_textio.vpi";
:vpi_module "C:\iverilog\lib\ivl\v2005_math.vpi";
:vpi_module "C:\iverilog\lib\ivl\va_math.vpi";
:vpi_module "C:\iverilog\lib\ivl\v2009.vpi";
S_00000232f00f2340 .scope package, "$unit" "$unit" 2 1;
 .timescale 0 0;
S_00000232f00e0ba0 .scope module, "traffic_tb" "traffic_tb" 3 9;
 .timescale -9 -12;
v00000232f014bf70_0 .net "EW_G", 0 0, v00000232f014ab40_0;  1 drivers
v00000232f014d050_0 .net "EW_R", 0 0, v00000232f014bb80_0;  1 drivers
v00000232f014c5b0_0 .net "EW_Y", 0 0, v00000232f014ae60_0;  1 drivers
v00000232f014c650_0 .net "NS_G", 0 0, v00000232f014b220_0;  1 drivers
v00000232f014d230_0 .net "NS_R", 0 0, v00000232f014a0a0_0;  1 drivers
v00000232f014c830_0 .net "NS_Y", 0 0, v00000232f014a780_0;  1 drivers
v00000232f014d0f0_0 .net "PD", 0 0, v00000232f014a1e0_0;  1 drivers
v00000232f0188cc0_0 .net "PW", 0 0, v00000232f014ad20_0;  1 drivers
v00000232f01896c0_0 .var "clk", 0 0;
v00000232f0188c20_0 .var "emer", 0 0;
v00000232f0189440_0 .var "night", 0 0;
v00000232f01889a0_0 .var "ped", 0 0;
v00000232f01885e0_0 .var "rst_btn", 0 0;
v00000232f0188e00_0 .var "veh_ew", 0 0;
v00000232f01880e0_0 .var "veh_ns", 0 0;
E_00000232f00edc90/0 .event anyedge, v00000232f014ad20_0, v00000232f014bb80_0, v00000232f014ae60_0, v00000232f014ab40_0;
E_00000232f00edc90/1 .event anyedge, v00000232f014a0a0_0, v00000232f014a780_0, v00000232f014b220_0;
E_00000232f00edc90 .event/or E_00000232f00edc90/0, E_00000232f00edc90/1;
S_00000232f0094620 .scope module, "DUT" "top" 3 30, 4 5 0, S_00000232f00e0ba0;
 .timescale 0 0;
    .port_info 0 /INPUT 1 "clk_50m";
    .port_info 1 /INPUT 1 "rst_btn";
    .port_info 2 /INPUT 1 "veh_ns_raw";
    .port_info 3 /INPUT 1 "veh_ew_raw";
    .port_info 4 /INPUT 1 "ped_btn_raw";
    .port_info 5 /INPUT 1 "emergency_raw";
    .port_info 6 /INPUT 1 "night_raw";
    .port_info 7 /OUTPUT 1 "NS_G";
    .port_info 8 /OUTPUT 1 "NS_Y";
    .port_info 9 /OUTPUT 1 "NS_R";
    .port_info 10 /OUTPUT 1 "EW_G";
    .port_info 11 /OUTPUT 1 "EW_Y";
    .port_info 12 /OUTPUT 1 "EW_R";
    .port_info 13 /OUTPUT 1 "PED_WALK";
    .port_info 14 /OUTPUT 1 "PED_DONT";
L_00000232f00e6b30 .functor NOT 1, v00000232f01885e0_0, C4<0>, C4<0>, C4<0>;
v00000232f014c330_0 .net "EW_G", 0 0, v00000232f014ab40_0;  alias, 1 drivers
v00000232f014dcd0_0 .net "EW_R", 0 0, v00000232f014bb80_0;  alias, 1 drivers
v00000232f014d2d0_0 .net "EW_Y", 0 0, v00000232f014ae60_0;  alias, 1 drivers
v00000232f014d5f0_0 .net "NS_G", 0 0, v00000232f014b220_0;  alias, 1 drivers
v00000232f014c150_0 .net "NS_R", 0 0, v00000232f014a0a0_0;  alias, 1 drivers
v00000232f014d690_0 .net "NS_Y", 0 0, v00000232f014a780_0;  alias, 1 drivers
v00000232f014d410_0 .net "PED_DONT", 0 0, v00000232f014a1e0_0;  alias, 1 drivers
v00000232f014cab0_0 .net "PED_WALK", 0 0, v00000232f014ad20_0;  alias, 1 drivers
v00000232f014d550_0 .net "clk_50m", 0 0, v00000232f01896c0_0;  1 drivers
v00000232f014dd70_0 .net "em_level", 0 0, v00000232f00e2a60_0;  1 drivers
v00000232f014d4b0_0 .net "emergency_raw", 0 0, v00000232f0188c20_0;  1 drivers
v00000232f014ce70_0 .net "night_level", 0 0, v00000232f014b540_0;  1 drivers
v00000232f014d730_0 .net "night_raw", 0 0, v00000232f0189440_0;  1 drivers
v00000232f014c510_0 .net "ped_btn_raw", 0 0, v00000232f01889a0_0;  1 drivers
v00000232f014c790_0 .net "ped_level", 0 0, v00000232f014b860_0;  1 drivers
v00000232f014d9b0_0 .net "ped_pulse", 0 0, v00000232f014b180_0;  1 drivers
v00000232f014cbf0_0 .net "rst_btn", 0 0, v00000232f01885e0_0;  1 drivers
v00000232f014cf10_0 .net "rst_n", 0 0, L_00000232f00e6b30;  1 drivers
v00000232f014cfb0_0 .net "tick", 0 0, v00000232f0149f60_0;  1 drivers
v00000232f014c1f0_0 .net "veh_ew_raw", 0 0, v00000232f0188e00_0;  1 drivers
v00000232f014cc90_0 .net "veh_ns_raw", 0 0, v00000232f01880e0_0;  1 drivers
v00000232f014de10_0 .net "vew_level", 0 0, v00000232f014cb50_0;  1 drivers
v00000232f014c290_0 .net "vns_level", 0 0, v00000232f014cd30_0;  1 drivers
S_00000232f0093b30 .scope module, "u_em" "debounce_sync" 4 37, 5 5 0, S_00000232f0094620;
 .timescale 0 0;
    .port_info 0 /INPUT 1 "clk";
    .port_info 1 /INPUT 1 "rst_n";
    .port_info 2 /INPUT 1 "tick";
    .port_info 3 /INPUT 1 "async_in";
    .port_info 4 /OUTPUT 1 "pulse";
    .port_info 5 /OUTPUT 1 "level";
P_00000232f00edd90 .param/l "TICKS" 0 5 6, +C4<00000000000000000000000000000001>;
v00000232f00e29c0_0 .net "async_in", 0 0, v00000232f0188c20_0;  alias, 1 drivers
v00000232f00e2b00_0 .net "clk", 0 0, v00000232f01896c0_0;  alias, 1 drivers
v00000232f00e2560_0 .var "db", 0 0;
v00000232f00e2a60_0 .var "level", 0 0;
v00000232f00e2ba0_0 .var "pulse", 0 0;
v00000232f00e2600_0 .net "rst_n", 0 0, L_00000232f00e6b30;  alias, 1 drivers
v00000232f00e2c40_0 .var "s1", 0 0;
v00000232f00e2ce0_0 .var "s2", 0 0;
v00000232f00e26a0_0 .var "stable", 0 0;
v00000232f00e2880_0 .net "tick", 0 0, v00000232f0149f60_0;  alias, 1 drivers
E_00000232f00edbd0/0 .event negedge, v00000232f00e2600_0;
E_00000232f00edbd0/1 .event posedge, v00000232f00e2b00_0;
E_00000232f00edbd0 .event/or E_00000232f00edbd0/0, E_00000232f00edbd0/1;
E_00000232f00ed850 .event posedge, v00000232f00e2b00_0;
S_00000232f00db3a0 .scope module, "u_fsm" "traffic_fsm" 4 55, 6 9 0, S_00000232f0094620;
 .timescale 0 0;
    .port_info 0 /INPUT 1 "clk";
    .port_info 1 /INPUT 1 "rst_n";
    .port_info 2 /INPUT 1 "tick";
    .port_info 3 /INPUT 1 "veh_ns";
    .port_info 4 /INPUT 1 "veh_ew";
    .port_info 5 /INPUT 1 "ped_pulse";
    .port_info 6 /INPUT 1 "emergency";
    .port_info 7 /INPUT 1 "night_mode";
    .port_info 8 /OUTPUT 1 "ns_g";
    .port_info 9 /OUTPUT 1 "ns_y";
    .port_info 10 /OUTPUT 1 "ns_r";
    .port_info 11 /OUTPUT 1 "ew_g";
    .port_info 12 /OUTPUT 1 "ew_y";
    .port_info 13 /OUTPUT 1 "ew_r";
    .port_info 14 /OUTPUT 1 "ped_walk";
    .port_info 15 /OUTPUT 1 "ped_dontwalk";
P_00000232f00a4080 .param/l "MAIN_IS_NS" 0 6 10, +C4<00000000000000000000000000000001>;
P_00000232f00a40b8 .param/l "S_ALL_RED1" 1 6 32, C4<0010>;
P_00000232f00a40f0 .param/l "S_ALL_RED2" 1 6 35, C4<0101>;
P_00000232f00a4128 .param/l "S_EMERG" 1 6 38, C4<1000>;
P_00000232f00a4160 .param/l "S_EW_G" 1 6 33, C4<0011>;
P_00000232f00a4198 .param/l "S_EW_Y" 1 6 34, C4<0100>;
P_00000232f00a41d0 .param/l "S_NIGHT" 1 6 39, C4<1001>;
P_00000232f00a4208 .param/l "S_NS_G" 1 6 30, C4<0000>;
P_00000232f00a4240 .param/l "S_NS_Y" 1 6 31, C4<0001>;
P_00000232f00a4278 .param/l "S_PED_CLEAR" 1 6 37, C4<0111>;
P_00000232f00a42b0 .param/l "S_PED_WALK" 1 6 36, C4<0110>;
P_00000232f00a42e8 .param/l "TICK_HZ" 0 6 11, +C4<00000000000000000000000000001010>;
v00000232f014bd60_0 .net "busy", 0 0, v00000232f00e1e80_0;  1 drivers
v00000232f014adc0_0 .net "clk", 0 0, v00000232f01896c0_0;  alias, 1 drivers
v00000232f014b7c0_0 .net "emergency", 0 0, v00000232f00e2a60_0;  alias, 1 drivers
v00000232f014ab40_0 .var "ew_g", 0 0;
v00000232f014bb80_0 .var "ew_r", 0 0;
v00000232f014ae60_0 .var "ew_y", 0 0;
v00000232f014b9a0_0 .var "flash", 0 0;
v00000232f014ba40_0 .var "flash_cnt", 3 0;
v00000232f014bc20_0 .var "next_state", 3 0;
v00000232f014a820_0 .net "night_mode", 0 0, v00000232f014b540_0;  alias, 1 drivers
v00000232f014b220_0 .var "ns_g", 0 0;
v00000232f014a0a0_0 .var "ns_r", 0 0;
v00000232f014a780_0 .var "ns_y", 0 0;
v00000232f014a1e0_0 .var "ped_dontwalk", 0 0;
v00000232f014aaa0_0 .net "ped_pulse", 0 0, v00000232f014b180_0;  alias, 1 drivers
v00000232f014a8c0_0 .var "ped_req", 0 0;
v00000232f014ad20_0 .var "ped_walk", 0 0;
v00000232f014a000_0 .net "rst_n", 0 0, L_00000232f00e6b30;  alias, 1 drivers
v00000232f014a280_0 .var "start_t", 0 0;
v00000232f014b720_0 .var "state", 3 0;
v00000232f014ac80_0 .net "tick", 0 0, v00000232f0149f60_0;  alias, 1 drivers
v00000232f014af00_0 .var "ticks_load", 15 0;
v00000232f014afa0_0 .net "veh_ew", 0 0, v00000232f014cb50_0;  alias, 1 drivers
v00000232f014a960_0 .net "veh_ns", 0 0, v00000232f014cd30_0;  alias, 1 drivers
E_00000232f00eced0/0 .event anyedge, v00000232f014b720_0, v00000232f00e1e80_0, v00000232f014a8c0_0, v00000232f014afa0_0;
E_00000232f00eced0/1 .event anyedge, v00000232f014abe0_0, v00000232f014a960_0, v00000232f014b9a0_0;
E_00000232f00eced0 .event/or E_00000232f00eced0/0, E_00000232f00eced0/1;
S_00000232f00db530 .scope function.vec4.s16, "SEC" "SEC" 6 62, 6 62 0, S_00000232f00db3a0;
 .timescale 0 0;
; Variable SEC is vec4 return value of scope S_00000232f00db530
v00000232f00e2740_0 .var/i "s", 31 0;
TD_traffic_tb.DUT.u_fsm.SEC ;
    %load/vec4 v00000232f00e2740_0;
    %muli 10, 0, 32;
    %pad/s 16;
    %ret/vec4 0, 0, 16;  Assign to SEC (store_vec4_to_lval)
    %end;
S_00000232f00a4330 .scope module, "u_timer" "timer" 6 50, 7 5 0, S_00000232f00db3a0;
 .timescale 0 0;
    .port_info 0 /INPUT 1 "clk";
    .port_info 1 /INPUT 1 "rst_n";
    .port_info 2 /INPUT 1 "tick";
    .port_info 3 /INPUT 1 "start";
    .port_info 4 /INPUT 16 "ticks_to_run";
    .port_info 5 /OUTPUT 1 "busy";
v00000232f00e1e80_0 .var "busy", 0 0;
v00000232f00e2060_0 .net "clk", 0 0, v00000232f01896c0_0;  alias, 1 drivers
v00000232f00e1f20_0 .net "rst_n", 0 0, L_00000232f00e6b30;  alias, 1 drivers
v00000232f00e2100_0 .net "start", 0 0, v00000232f014a280_0;  1 drivers
v00000232f00e2420_0 .var "t", 15 0;
v00000232f014b900_0 .net "tick", 0 0, v00000232f0149f60_0;  alias, 1 drivers
v00000232f014abe0_0 .net "ticks_to_run", 15 0, v00000232f014af00_0;  1 drivers
S_00000232f00bf930 .scope module, "u_ng" "debounce_sync" 4 41, 5 5 0, S_00000232f0094620;
 .timescale 0 0;
    .port_info 0 /INPUT 1 "clk";
    .port_info 1 /INPUT 1 "rst_n";
    .port_info 2 /INPUT 1 "tick";
    .port_info 3 /INPUT 1 "async_in";
    .port_info 4 /OUTPUT 1 "pulse";
    .port_info 5 /OUTPUT 1 "level";
P_00000232f00ed050 .param/l "TICKS" 0 5 6, +C4<00000000000000000000000000000001>;
v00000232f014a140_0 .net "async_in", 0 0, v00000232f0189440_0;  alias, 1 drivers
v00000232f014b5e0_0 .net "clk", 0 0, v00000232f01896c0_0;  alias, 1 drivers
v00000232f014b2c0_0 .var "db", 0 0;
v00000232f014b540_0 .var "level", 0 0;
v00000232f014b680_0 .var "pulse", 0 0;
v00000232f014b040_0 .net "rst_n", 0 0, L_00000232f00e6b30;  alias, 1 drivers
v00000232f014a320_0 .var "s1", 0 0;
v00000232f014aa00_0 .var "s2", 0 0;
v00000232f014b360_0 .var "stable", 0 0;
v00000232f014a3c0_0 .net "tick", 0 0, v00000232f0149f60_0;  alias, 1 drivers
S_00000232f00bfac0 .scope module, "u_ped" "debounce_sync" 4 33, 5 5 0, S_00000232f0094620;
 .timescale 0 0;
    .port_info 0 /INPUT 1 "clk";
    .port_info 1 /INPUT 1 "rst_n";
    .port_info 2 /INPUT 1 "tick";
    .port_info 3 /INPUT 1 "async_in";
    .port_info 4 /OUTPUT 1 "pulse";
    .port_info 5 /OUTPUT 1 "level";
P_00000232f00ed950 .param/l "TICKS" 0 5 6, +C4<00000000000000000000000000000011>;
v00000232f014a460_0 .net "async_in", 0 0, v00000232f01889a0_0;  alias, 1 drivers
v00000232f014a500_0 .net "clk", 0 0, v00000232f01896c0_0;  alias, 1 drivers
v00000232f014b0e0_0 .var "db", 1 0;
v00000232f014b860_0 .var "level", 0 0;
v00000232f014b180_0 .var "pulse", 0 0;
v00000232f014b400_0 .net "rst_n", 0 0, L_00000232f00e6b30;  alias, 1 drivers
v00000232f014a6e0_0 .var "s1", 0 0;
v00000232f014a5a0_0 .var "s2", 0 0;
v00000232f014bae0_0 .var "stable", 0 0;
v00000232f014a640_0 .net "tick", 0 0, v00000232f0149f60_0;  alias, 1 drivers
S_00000232f009e5d0 .scope module, "u_tick" "clk_en" 4 22, 8 6 0, S_00000232f0094620;
 .timescale 0 0;
    .port_info 0 /INPUT 1 "clk";
    .port_info 1 /INPUT 1 "rst_n";
    .port_info 2 /OUTPUT 1 "tick";
P_00000232f0093cc0 .param/l "CLK_HZ" 0 8 7, +C4<00000010111110101111000010000000>;
P_00000232f0093cf8 .param/l "DIV" 1 8 15, +C4<00000000010011000100101101000000>;
P_00000232f0093d30 .param/l "TICK_HZ" 0 8 8, +C4<00000000000000000000000000001010>;
v00000232f014b4a0_0 .net "clk", 0 0, v00000232f01896c0_0;  alias, 1 drivers
v00000232f014bcc0_0 .var "cnt", 22 0;
v00000232f014be00_0 .net "rst_n", 0 0, L_00000232f00e6b30;  alias, 1 drivers
v00000232f0149f60_0 .var "tick", 0 0;
S_00000232f009e760 .scope module, "u_vew" "debounce_sync" 4 49, 5 5 0, S_00000232f0094620;
 .timescale 0 0;
    .port_info 0 /INPUT 1 "clk";
    .port_info 1 /INPUT 1 "rst_n";
    .port_info 2 /INPUT 1 "tick";
    .port_info 3 /INPUT 1 "async_in";
    .port_info 4 /OUTPUT 1 "pulse";
    .port_info 5 /OUTPUT 1 "level";
P_00000232f00ed990 .param/l "TICKS" 0 5 6, +C4<00000000000000000000000000000001>;
v00000232f014daf0_0 .net "async_in", 0 0, v00000232f0188e00_0;  alias, 1 drivers
v00000232f014c6f0_0 .net "clk", 0 0, v00000232f01896c0_0;  alias, 1 drivers
v00000232f014ca10_0 .var "db", 0 0;
v00000232f014cb50_0 .var "level", 0 0;
v00000232f014d190_0 .var "pulse", 0 0;
v00000232f014d7d0_0 .net "rst_n", 0 0, L_00000232f00e6b30;  alias, 1 drivers
v00000232f014c3d0_0 .var "s1", 0 0;
v00000232f014c470_0 .var "s2", 0 0;
v00000232f014da50_0 .var "stable", 0 0;
v00000232f014d370_0 .net "tick", 0 0, v00000232f0149f60_0;  alias, 1 drivers
S_00000232f017d920 .scope module, "u_vns" "debounce_sync" 4 45, 5 5 0, S_00000232f0094620;
 .timescale 0 0;
    .port_info 0 /INPUT 1 "clk";
    .port_info 1 /INPUT 1 "rst_n";
    .port_info 2 /INPUT 1 "tick";
    .port_info 3 /INPUT 1 "async_in";
    .port_info 4 /OUTPUT 1 "pulse";
    .port_info 5 /OUTPUT 1 "level";
P_00000232f00ed450 .param/l "TICKS" 0 5 6, +C4<00000000000000000000000000000001>;
v00000232f014c010_0 .net "async_in", 0 0, v00000232f01880e0_0;  alias, 1 drivers
v00000232f014c8d0_0 .net "clk", 0 0, v00000232f01896c0_0;  alias, 1 drivers
v00000232f014d870_0 .var "db", 0 0;
v00000232f014cd30_0 .var "level", 0 0;
v00000232f014c0b0_0 .var "pulse", 0 0;
v00000232f014c970_0 .net "rst_n", 0 0, L_00000232f00e6b30;  alias, 1 drivers
v00000232f014db90_0 .var "s1", 0 0;
v00000232f014cdd0_0 .var "s2", 0 0;
v00000232f014dc30_0 .var "stable", 0 0;
v00000232f014d910_0 .net "tick", 0 0, v00000232f0149f60_0;  alias, 1 drivers
    .scope S_00000232f009e5d0;
T_1 ;
    %wait E_00000232f00edbd0;
    %load/vec4 v00000232f014be00_0;
    %nor/r;
    %flag_set/vec4 8;
    %jmp/0xz  T_1.0, 8;
    %pushi/vec4 0, 0, 23;
    %assign/vec4 v00000232f014bcc0_0, 0;
    %pushi/vec4 0, 0, 1;
    %assign/vec4 v00000232f0149f60_0, 0;
    %jmp T_1.1;
T_1.0 ;
    %pushi/vec4 0, 0, 1;
    %assign/vec4 v00000232f0149f60_0, 0;
    %load/vec4 v00000232f014bcc0_0;
    %pad/u 32;
    %cmpi/e 4999999, 0, 32;
    %jmp/0xz  T_1.2, 4;
    %pushi/vec4 0, 0, 23;
    %assign/vec4 v00000232f014bcc0_0, 0;
    %pushi/vec4 1, 0, 1;
    %assign/vec4 v00000232f0149f60_0, 0;
    %jmp T_1.3;
T_1.2 ;
    %load/vec4 v00000232f014bcc0_0;
    %addi 1, 0, 23;
    %assign/vec4 v00000232f014bcc0_0, 0;
T_1.3 ;
T_1.1 ;
    %jmp T_1;
    .thread T_1;
    .scope S_00000232f00bfac0;
T_2 ;
    %wait E_00000232f00ed850;
    %load/vec4 v00000232f014a460_0;
    %assign/vec4 v00000232f014a6e0_0, 0;
    %load/vec4 v00000232f014a6e0_0;
    %assign/vec4 v00000232f014a5a0_0, 0;
    %jmp T_2;
    .thread T_2;
    .scope S_00000232f00bfac0;
T_3 ;
    %wait E_00000232f00edbd0;
    %load/vec4 v00000232f014b400_0;
    %nor/r;
    %flag_set/vec4 8;
    %jmp/0xz  T_3.0, 8;
    %pushi/vec4 0, 0, 2;
    %assign/vec4 v00000232f014b0e0_0, 0;
    %pushi/vec4 0, 0, 1;
    %assign/vec4 v00000232f014bae0_0, 0;
    %pushi/vec4 0, 0, 1;
    %assign/vec4 v00000232f014b860_0, 0;
    %pushi/vec4 0, 0, 1;
    %assign/vec4 v00000232f014b180_0, 0;
    %jmp T_3.1;
T_3.0 ;
    %pushi/vec4 0, 0, 1;
    %assign/vec4 v00000232f014b180_0, 0;
    %load/vec4 v00000232f014a640_0;
    %flag_set/vec4 8;
    %jmp/0xz  T_3.2, 8;
    %load/vec4 v00000232f014a5a0_0;
    %load/vec4 v00000232f014bae0_0;
    %cmp/ne;
    %jmp/0xz  T_3.4, 4;
    %load/vec4 v00000232f014b0e0_0;
    %addi 1, 0, 2;
    %assign/vec4 v00000232f014b0e0_0, 0;
    %load/vec4 v00000232f014b0e0_0;
    %pad/u 32;
    %cmpi/e 3, 0, 32;
    %jmp/0xz  T_3.6, 4;
    %load/vec4 v00000232f014a5a0_0;
    %assign/vec4 v00000232f014bae0_0, 0;
    %pushi/vec4 0, 0, 2;
    %assign/vec4 v00000232f014b0e0_0, 0;
T_3.6 ;
    %jmp T_3.5;
T_3.4 ;
    %pushi/vec4 0, 0, 2;
    %assign/vec4 v00000232f014b0e0_0, 0;
T_3.5 ;
    %load/vec4 v00000232f014bae0_0;
    %flag_set/vec4 9;
    %flag_get/vec4 9;
    %jmp/0 T_3.10, 9;
    %load/vec4 v00000232f014b860_0;
    %nor/r;
    %and;
T_3.10;
    %flag_set/vec4 8;
    %jmp/0xz  T_3.8, 8;
    %pushi/vec4 1, 0, 1;
    %assign/vec4 v00000232f014b860_0, 0;
    %pushi/vec4 1, 0, 1;
    %assign/vec4 v00000232f014b180_0, 0;
    %jmp T_3.9;
T_3.8 ;
    %load/vec4 v00000232f014bae0_0;
    %nor/r;
    %flag_set/vec4 8;
    %jmp/0xz  T_3.11, 8;
    %pushi/vec4 0, 0, 1;
    %assign/vec4 v00000232f014b860_0, 0;
T_3.11 ;
T_3.9 ;
T_3.2 ;
T_3.1 ;
    %jmp T_3;
    .thread T_3;
    .scope S_00000232f0093b30;
T_4 ;
    %wait E_00000232f00ed850;
    %load/vec4 v00000232f00e29c0_0;
    %assign/vec4 v00000232f00e2c40_0, 0;
    %load/vec4 v00000232f00e2c40_0;
    %assign/vec4 v00000232f00e2ce0_0, 0;
    %jmp T_4;
    .thread T_4;
    .scope S_00000232f0093b30;
T_5 ;
    %wait E_00000232f00edbd0;
    %load/vec4 v00000232f00e2600_0;
    %nor/r;
    %flag_set/vec4 8;
    %jmp/0xz  T_5.0, 8;
    %pushi/vec4 0, 0, 1;
    %assign/vec4 v00000232f00e2560_0, 0;
    %pushi/vec4 0, 0, 1;
    %assign/vec4 v00000232f00e26a0_0, 0;
    %pushi/vec4 0, 0, 1;
    %assign/vec4 v00000232f00e2a60_0, 0;
    %pushi/vec4 0, 0, 1;
    %assign/vec4 v00000232f00e2ba0_0, 0;
    %jmp T_5.1;
T_5.0 ;
    %pushi/vec4 0, 0, 1;
    %assign/vec4 v00000232f00e2ba0_0, 0;
    %load/vec4 v00000232f00e2880_0;
    %flag_set/vec4 8;
    %jmp/0xz  T_5.2, 8;
    %load/vec4 v00000232f00e2ce0_0;
    %load/vec4 v00000232f00e26a0_0;
    %cmp/ne;
    %jmp/0xz  T_5.4, 4;
    %load/vec4 v00000232f00e2560_0;
    %pad/u 2;
    %addi 1, 0, 2;
    %pad/u 1;
    %assign/vec4 v00000232f00e2560_0, 0;
    %load/vec4 v00000232f00e2560_0;
    %pad/u 32;
    %cmpi/e 1, 0, 32;
    %jmp/0xz  T_5.6, 4;
    %load/vec4 v00000232f00e2ce0_0;
    %assign/vec4 v00000232f00e26a0_0, 0;
    %pushi/vec4 0, 0, 1;
    %assign/vec4 v00000232f00e2560_0, 0;
T_5.6 ;
    %jmp T_5.5;
T_5.4 ;
    %pushi/vec4 0, 0, 1;
    %assign/vec4 v00000232f00e2560_0, 0;
T_5.5 ;
    %load/vec4 v00000232f00e26a0_0;
    %flag_set/vec4 9;
    %flag_get/vec4 9;
    %jmp/0 T_5.10, 9;
    %load/vec4 v00000232f00e2a60_0;
    %nor/r;
    %and;
T_5.10;
    %flag_set/vec4 8;
    %jmp/0xz  T_5.8, 8;
    %pushi/vec4 1, 0, 1;
    %assign/vec4 v00000232f00e2a60_0, 0;
    %pushi/vec4 1, 0, 1;
    %assign/vec4 v00000232f00e2ba0_0, 0;
    %jmp T_5.9;
T_5.8 ;
    %load/vec4 v00000232f00e26a0_0;
    %nor/r;
    %flag_set/vec4 8;
    %jmp/0xz  T_5.11, 8;
    %pushi/vec4 0, 0, 1;
    %assign/vec4 v00000232f00e2a60_0, 0;
T_5.11 ;
T_5.9 ;
T_5.2 ;
T_5.1 ;
    %jmp T_5;
    .thread T_5;
    .scope S_00000232f00bf930;
T_6 ;
    %wait E_00000232f00ed850;
    %load/vec4 v00000232f014a140_0;
    %assign/vec4 v00000232f014a320_0, 0;
    %load/vec4 v00000232f014a320_0;
    %assign/vec4 v00000232f014aa00_0, 0;
    %jmp T_6;
    .thread T_6;
    .scope S_00000232f00bf930;
T_7 ;
    %wait E_00000232f00edbd0;
    %load/vec4 v00000232f014b040_0;
    %nor/r;
    %flag_set/vec4 8;
    %jmp/0xz  T_7.0, 8;
    %pushi/vec4 0, 0, 1;
    %assign/vec4 v00000232f014b2c0_0, 0;
    %pushi/vec4 0, 0, 1;
    %assign/vec4 v00000232f014b360_0, 0;
    %pushi/vec4 0, 0, 1;
    %assign/vec4 v00000232f014b540_0, 0;
    %pushi/vec4 0, 0, 1;
    %assign/vec4 v00000232f014b680_0, 0;
    %jmp T_7.1;
T_7.0 ;
    %pushi/vec4 0, 0, 1;
    %assign/vec4 v00000232f014b680_0, 0;
    %load/vec4 v00000232f014a3c0_0;
    %flag_set/vec4 8;
    %jmp/0xz  T_7.2, 8;
    %load/vec4 v00000232f014aa00_0;
    %load/vec4 v00000232f014b360_0;
    %cmp/ne;
    %jmp/0xz  T_7.4, 4;
    %load/vec4 v00000232f014b2c0_0;
    %pad/u 2;
    %addi 1, 0, 2;
    %pad/u 1;
    %assign/vec4 v00000232f014b2c0_0, 0;
    %load/vec4 v00000232f014b2c0_0;
    %pad/u 32;
    %cmpi/e 1, 0, 32;
    %jmp/0xz  T_7.6, 4;
    %load/vec4 v00000232f014aa00_0;
    %assign/vec4 v00000232f014b360_0, 0;
    %pushi/vec4 0, 0, 1;
    %assign/vec4 v00000232f014b2c0_0, 0;
T_7.6 ;
    %jmp T_7.5;
T_7.4 ;
    %pushi/vec4 0, 0, 1;
    %assign/vec4 v00000232f014b2c0_0, 0;
T_7.5 ;
    %load/vec4 v00000232f014b360_0;
    %flag_set/vec4 9;
    %flag_get/vec4 9;
    %jmp/0 T_7.10, 9;
    %load/vec4 v00000232f014b540_0;
    %nor/r;
    %and;
T_7.10;
    %flag_set/vec4 8;
    %jmp/0xz  T_7.8, 8;
    %pushi/vec4 1, 0, 1;
    %assign/vec4 v00000232f014b540_0, 0;
    %pushi/vec4 1, 0, 1;
    %assign/vec4 v00000232f014b680_0, 0;
    %jmp T_7.9;
T_7.8 ;
    %load/vec4 v00000232f014b360_0;
    %nor/r;
    %flag_set/vec4 8;
    %jmp/0xz  T_7.11, 8;
    %pushi/vec4 0, 0, 1;
    %assign/vec4 v00000232f014b540_0, 0;
T_7.11 ;
T_7.9 ;
T_7.2 ;
T_7.1 ;
    %jmp T_7;
    .thread T_7;
    .scope S_00000232f017d920;
T_8 ;
    %wait E_00000232f00ed850;
    %load/vec4 v00000232f014c010_0;
    %assign/vec4 v00000232f014db90_0, 0;
    %load/vec4 v00000232f014db90_0;
    %assign/vec4 v00000232f014cdd0_0, 0;
    %jmp T_8;
    .thread T_8;
    .scope S_00000232f017d920;
T_9 ;
    %wait E_00000232f00edbd0;
    %load/vec4 v00000232f014c970_0;
    %nor/r;
    %flag_set/vec4 8;
    %jmp/0xz  T_9.0, 8;
    %pushi/vec4 0, 0, 1;
    %assign/vec4 v00000232f014d870_0, 0;
    %pushi/vec4 0, 0, 1;
    %assign/vec4 v00000232f014dc30_0, 0;
    %pushi/vec4 0, 0, 1;
    %assign/vec4 v00000232f014cd30_0, 0;
    %pushi/vec4 0, 0, 1;
    %assign/vec4 v00000232f014c0b0_0, 0;
    %jmp T_9.1;
T_9.0 ;
    %pushi/vec4 0, 0, 1;
    %assign/vec4 v00000232f014c0b0_0, 0;
    %load/vec4 v00000232f014d910_0;
    %flag_set/vec4 8;
    %jmp/0xz  T_9.2, 8;
    %load/vec4 v00000232f014cdd0_0;
    %load/vec4 v00000232f014dc30_0;
    %cmp/ne;
    %jmp/0xz  T_9.4, 4;
    %load/vec4 v00000232f014d870_0;
    %pad/u 2;
    %addi 1, 0, 2;
    %pad/u 1;
    %assign/vec4 v00000232f014d870_0, 0;
    %load/vec4 v00000232f014d870_0;
    %pad/u 32;
    %cmpi/e 1, 0, 32;
    %jmp/0xz  T_9.6, 4;
    %load/vec4 v00000232f014cdd0_0;
    %assign/vec4 v00000232f014dc30_0, 0;
    %pushi/vec4 0, 0, 1;
    %assign/vec4 v00000232f014d870_0, 0;
T_9.6 ;
    %jmp T_9.5;
T_9.4 ;
    %pushi/vec4 0, 0, 1;
    %assign/vec4 v00000232f014d870_0, 0;
T_9.5 ;
    %load/vec4 v00000232f014dc30_0;
    %flag_set/vec4 9;
    %flag_get/vec4 9;
    %jmp/0 T_9.10, 9;
    %load/vec4 v00000232f014cd30_0;
    %nor/r;
    %and;
T_9.10;
    %flag_set/vec4 8;
    %jmp/0xz  T_9.8, 8;
    %pushi/vec4 1, 0, 1;
    %assign/vec4 v00000232f014cd30_0, 0;
    %pushi/vec4 1, 0, 1;
    %assign/vec4 v00000232f014c0b0_0, 0;
    %jmp T_9.9;
T_9.8 ;
    %load/vec4 v00000232f014dc30_0;
    %nor/r;
    %flag_set/vec4 8;
    %jmp/0xz  T_9.11, 8;
    %pushi/vec4 0, 0, 1;
    %assign/vec4 v00000232f014cd30_0, 0;
T_9.11 ;
T_9.9 ;
T_9.2 ;
T_9.1 ;
    %jmp T_9;
    .thread T_9;
    .scope S_00000232f009e760;
T_10 ;
    %wait E_00000232f00ed850;
    %load/vec4 v00000232f014daf0_0;
    %assign/vec4 v00000232f014c3d0_0, 0;
    %load/vec4 v00000232f014c3d0_0;
    %assign/vec4 v00000232f014c470_0, 0;
    %jmp T_10;
    .thread T_10;
    .scope S_00000232f009e760;
T_11 ;
    %wait E_00000232f00edbd0;
    %load/vec4 v00000232f014d7d0_0;
    %nor/r;
    %flag_set/vec4 8;
    %jmp/0xz  T_11.0, 8;
    %pushi/vec4 0, 0, 1;
    %assign/vec4 v00000232f014ca10_0, 0;
    %pushi/vec4 0, 0, 1;
    %assign/vec4 v00000232f014da50_0, 0;
    %pushi/vec4 0, 0, 1;
    %assign/vec4 v00000232f014cb50_0, 0;
    %pushi/vec4 0, 0, 1;
    %assign/vec4 v00000232f014d190_0, 0;
    %jmp T_11.1;
T_11.0 ;
    %pushi/vec4 0, 0, 1;
    %assign/vec4 v00000232f014d190_0, 0;
    %load/vec4 v00000232f014d370_0;
    %flag_set/vec4 8;
    %jmp/0xz  T_11.2, 8;
    %load/vec4 v00000232f014c470_0;
    %load/vec4 v00000232f014da50_0;
    %cmp/ne;
    %jmp/0xz  T_11.4, 4;
    %load/vec4 v00000232f014ca10_0;
    %pad/u 2;
    %addi 1, 0, 2;
    %pad/u 1;
    %assign/vec4 v00000232f014ca10_0, 0;
    %load/vec4 v00000232f014ca10_0;
    %pad/u 32;
    %cmpi/e 1, 0, 32;
    %jmp/0xz  T_11.6, 4;
    %load/vec4 v00000232f014c470_0;
    %assign/vec4 v00000232f014da50_0, 0;
    %pushi/vec4 0, 0, 1;
    %assign/vec4 v00000232f014ca10_0, 0;
T_11.6 ;
    %jmp T_11.5;
T_11.4 ;
    %pushi/vec4 0, 0, 1;
    %assign/vec4 v00000232f014ca10_0, 0;
T_11.5 ;
    %load/vec4 v00000232f014da50_0;
    %flag_set/vec4 9;
    %flag_get/vec4 9;
    %jmp/0 T_11.10, 9;
    %load/vec4 v00000232f014cb50_0;
    %nor/r;
    %and;
T_11.10;
    %flag_set/vec4 8;
    %jmp/0xz  T_11.8, 8;
    %pushi/vec4 1, 0, 1;
    %assign/vec4 v00000232f014cb50_0, 0;
    %pushi/vec4 1, 0, 1;
    %assign/vec4 v00000232f014d190_0, 0;
    %jmp T_11.9;
T_11.8 ;
    %load/vec4 v00000232f014da50_0;
    %nor/r;
    %flag_set/vec4 8;
    %jmp/0xz  T_11.11, 8;
    %pushi/vec4 0, 0, 1;
    %assign/vec4 v00000232f014cb50_0, 0;
T_11.11 ;
T_11.9 ;
T_11.2 ;
T_11.1 ;
    %jmp T_11;
    .thread T_11;
    .scope S_00000232f00a4330;
T_12 ;
    %wait E_00000232f00edbd0;
    %load/vec4 v00000232f00e1f20_0;
    %nor/r;
    %flag_set/vec4 8;
    %jmp/0xz  T_12.0, 8;
    %pushi/vec4 0, 0, 16;
    %assign/vec4 v00000232f00e2420_0, 0;
    %pushi/vec4 0, 0, 1;
    %assign/vec4 v00000232f00e1e80_0, 0;
    %jmp T_12.1;
T_12.0 ;
    %load/vec4 v00000232f00e2100_0;
    %flag_set/vec4 8;
    %jmp/0xz  T_12.2, 8;
    %load/vec4 v00000232f014abe0_0;
    %assign/vec4 v00000232f00e2420_0, 0;
    %pushi/vec4 1, 0, 1;
    %assign/vec4 v00000232f00e1e80_0, 0;
    %jmp T_12.3;
T_12.2 ;
    %load/vec4 v00000232f00e1e80_0;
    %flag_set/vec4 9;
    %flag_get/vec4 9;
    %jmp/0 T_12.6, 9;
    %load/vec4 v00000232f014b900_0;
    %and;
T_12.6;
    %flag_set/vec4 8;
    %jmp/0xz  T_12.4, 8;
    %load/vec4 v00000232f00e2420_0;
    %pad/u 32;
    %cmpi/e 0, 0, 32;
    %jmp/0xz  T_12.7, 4;
    %pushi/vec4 0, 0, 1;
    %assign/vec4 v00000232f00e1e80_0, 0;
    %jmp T_12.8;
T_12.7 ;
    %load/vec4 v00000232f00e2420_0;
    %subi 1, 0, 16;
    %assign/vec4 v00000232f00e2420_0, 0;
T_12.8 ;
T_12.4 ;
T_12.3 ;
T_12.1 ;
    %jmp T_12;
    .thread T_12;
    .scope S_00000232f00db3a0;
T_13 ;
    %wait E_00000232f00edbd0;
    %load/vec4 v00000232f014a000_0;
    %nor/r;
    %flag_set/vec4 8;
    %jmp/0xz  T_13.0, 8;
    %pushi/vec4 0, 0, 1;
    %assign/vec4 v00000232f014a8c0_0, 0;
    %jmp T_13.1;
T_13.0 ;
    %load/vec4 v00000232f014aaa0_0;
    %flag_set/vec4 8;
    %jmp/0xz  T_13.2, 8;
    %pushi/vec4 1, 0, 1;
    %assign/vec4 v00000232f014a8c0_0, 0;
    %jmp T_13.3;
T_13.2 ;
    %load/vec4 v00000232f014b720_0;
    %cmpi/e 7, 0, 4;
    %jmp/0xz  T_13.4, 4;
    %pushi/vec4 0, 0, 1;
    %assign/vec4 v00000232f014a8c0_0, 0;
T_13.4 ;
T_13.3 ;
T_13.1 ;
    %jmp T_13;
    .thread T_13;
    .scope S_00000232f00db3a0;
T_14 ;
    %wait E_00000232f00edbd0;
    %load/vec4 v00000232f014a000_0;
    %nor/r;
    %flag_set/vec4 8;
    %jmp/0xz  T_14.0, 8;
    %pushi/vec4 0, 0, 1;
    %assign/vec4 v00000232f014b9a0_0, 0;
    %pushi/vec4 0, 0, 4;
    %assign/vec4 v00000232f014ba40_0, 0;
    %jmp T_14.1;
T_14.0 ;
    %load/vec4 v00000232f014ac80_0;
    %flag_set/vec4 8;
    %jmp/0xz  T_14.2, 8;
    %load/vec4 v00000232f014ba40_0;
    %pad/u 32;
    %cmpi/e 4, 0, 32;
    %jmp/0xz  T_14.4, 4;
    %load/vec4 v00000232f014b9a0_0;
    %inv;
    %assign/vec4 v00000232f014b9a0_0, 0;
    %pushi/vec4 0, 0, 4;
    %assign/vec4 v00000232f014ba40_0, 0;
    %jmp T_14.5;
T_14.4 ;
    %load/vec4 v00000232f014ba40_0;
    %addi 1, 0, 4;
    %assign/vec4 v00000232f014ba40_0, 0;
T_14.5 ;
T_14.2 ;
T_14.1 ;
    %jmp T_14;
    .thread T_14;
    .scope S_00000232f00db3a0;
T_15 ;
    %wait E_00000232f00edbd0;
    %load/vec4 v00000232f014a000_0;
    %nor/r;
    %flag_set/vec4 8;
    %jmp/0xz  T_15.0, 8;
    %pushi/vec4 0, 0, 4;
    %assign/vec4 v00000232f014b720_0, 0;
    %jmp T_15.1;
T_15.0 ;
    %load/vec4 v00000232f014b7c0_0;
    %flag_set/vec4 8;
    %jmp/0xz  T_15.2, 8;
    %pushi/vec4 8, 0, 4;
    %assign/vec4 v00000232f014b720_0, 0;
    %jmp T_15.3;
T_15.2 ;
    %load/vec4 v00000232f014a820_0;
    %flag_set/vec4 8;
    %jmp/0xz  T_15.4, 8;
    %pushi/vec4 9, 0, 4;
    %assign/vec4 v00000232f014b720_0, 0;
    %jmp T_15.5;
T_15.4 ;
    %load/vec4 v00000232f014bc20_0;
    %assign/vec4 v00000232f014b720_0, 0;
T_15.5 ;
T_15.3 ;
T_15.1 ;
    %jmp T_15;
    .thread T_15;
    .scope S_00000232f00db3a0;
T_16 ;
    %wait E_00000232f00eced0;
    %load/vec4 v00000232f014b720_0;
    %store/vec4 v00000232f014bc20_0, 0, 4;
    %pushi/vec4 0, 0, 1;
    %store/vec4 v00000232f014a280_0, 0, 1;
    %pushi/vec4 0, 0, 16;
    %store/vec4 v00000232f014af00_0, 0, 16;
    %pushi/vec4 0, 0, 1;
    %store/vec4 v00000232f014b220_0, 0, 1;
    %pushi/vec4 0, 0, 1;
    %store/vec4 v00000232f014a780_0, 0, 1;
    %pushi/vec4 1, 0, 1;
    %store/vec4 v00000232f014a0a0_0, 0, 1;
    %pushi/vec4 0, 0, 1;
    %store/vec4 v00000232f014ab40_0, 0, 1;
    %pushi/vec4 0, 0, 1;
    %store/vec4 v00000232f014ae60_0, 0, 1;
    %pushi/vec4 1, 0, 1;
    %store/vec4 v00000232f014bb80_0, 0, 1;
    %pushi/vec4 0, 0, 1;
    %store/vec4 v00000232f014ad20_0, 0, 1;
    %pushi/vec4 1, 0, 1;
    %store/vec4 v00000232f014a1e0_0, 0, 1;
    %load/vec4 v00000232f014b720_0;
    %dup/vec4;
    %pushi/vec4 0, 0, 4;
    %cmp/u;
    %jmp/1 T_16.0, 6;
    %dup/vec4;
    %pushi/vec4 1, 0, 4;
    %cmp/u;
    %jmp/1 T_16.1, 6;
    %dup/vec4;
    %pushi/vec4 2, 0, 4;
    %cmp/u;
    %jmp/1 T_16.2, 6;
    %dup/vec4;
    %pushi/vec4 3, 0, 4;
    %cmp/u;
    %jmp/1 T_16.3, 6;
    %dup/vec4;
    %pushi/vec4 4, 0, 4;
    %cmp/u;
    %jmp/1 T_16.4, 6;
    %dup/vec4;
    %pushi/vec4 5, 0, 4;
    %cmp/u;
    %jmp/1 T_16.5, 6;
    %dup/vec4;
    %pushi/vec4 6, 0, 4;
    %cmp/u;
    %jmp/1 T_16.6, 6;
    %dup/vec4;
    %pushi/vec4 7, 0, 4;
    %cmp/u;
    %jmp/1 T_16.7, 6;
    %dup/vec4;
    %pushi/vec4 8, 0, 4;
    %cmp/u;
    %jmp/1 T_16.8, 6;
    %dup/vec4;
    %pushi/vec4 9, 0, 4;
    %cmp/u;
    %jmp/1 T_16.9, 6;
    %pushi/vec4 1, 0, 1;
    %store/vec4 v00000232f014a0a0_0, 0, 1;
    %pushi/vec4 1, 0, 1;
    %store/vec4 v00000232f014bb80_0, 0, 1;
    %pushi/vec4 0, 0, 4;
    %store/vec4 v00000232f014bc20_0, 0, 4;
    %jmp T_16.11;
T_16.0 ;
    %pushi/vec4 1, 0, 1;
    %store/vec4 v00000232f014b220_0, 0, 1;
    %pushi/vec4 0, 0, 1;
    %store/vec4 v00000232f014a0a0_0, 0, 1;
    %pushi/vec4 1, 0, 1;
    %store/vec4 v00000232f014bb80_0, 0, 1;
    %load/vec4 v00000232f014bd60_0;
    %nor/r;
    %flag_set/vec4 8;
    %jmp/0xz  T_16.12, 8;
    %pushi/vec4 1, 0, 1;
    %store/vec4 v00000232f014a280_0, 0, 1;
    %pushi/vec4 12, 0, 32;
    %store/vec4 v00000232f00e2740_0, 0, 32;
    %callf/vec4 TD_traffic_tb.DUT.u_fsm.SEC, S_00000232f00db530;
    %store/vec4 v00000232f014af00_0, 0, 16;
T_16.12 ;
    %load/vec4 v00000232f014bd60_0;
    %nor/r;
    %flag_set/vec4 9;
    %flag_get/vec4 9;
    %jmp/0 T_16.16, 9;
    %load/vec4 v00000232f014a8c0_0;
    %flag_set/vec4 9;
    %flag_get/vec4 9;
    %jmp/1 T_16.17, 9;
    %load/vec4 v00000232f014afa0_0;
    %or;
T_16.17;
    %and;
T_16.16;
    %flag_set/vec4 8;
    %jmp/0xz  T_16.14, 8;
    %pushi/vec4 1, 0, 4;
    %store/vec4 v00000232f014bc20_0, 0, 4;
T_16.14 ;
    %jmp T_16.11;
T_16.1 ;
    %pushi/vec4 1, 0, 1;
    %store/vec4 v00000232f014a780_0, 0, 1;
    %pushi/vec4 0, 0, 1;
    %store/vec4 v00000232f014a0a0_0, 0, 1;
    %pushi/vec4 1, 0, 1;
    %store/vec4 v00000232f014bb80_0, 0, 1;
    %load/vec4 v00000232f014bd60_0;
    %nor/r;
    %flag_set/vec4 8;
    %jmp/0xz  T_16.18, 8;
    %pushi/vec4 1, 0, 1;
    %store/vec4 v00000232f014a280_0, 0, 1;
    %pushi/vec4 3, 0, 32;
    %store/vec4 v00000232f00e2740_0, 0, 32;
    %callf/vec4 TD_traffic_tb.DUT.u_fsm.SEC, S_00000232f00db530;
    %store/vec4 v00000232f014af00_0, 0, 16;
T_16.18 ;
    %load/vec4 v00000232f014bd60_0;
    %nor/r;
    %flag_set/vec4 9;
    %flag_get/vec4 9;
    %jmp/0 T_16.22, 9;
    %load/vec4 v00000232f014af00_0;
    %pad/u 32;
    %pushi/vec4 0, 0, 32;
    %cmp/e;
    %flag_get/vec4 4;
    %and;
T_16.22;
    %flag_set/vec4 8;
    %jmp/0xz  T_16.20, 8;
    %pushi/vec4 2, 0, 4;
    %store/vec4 v00000232f014bc20_0, 0, 4;
T_16.20 ;
    %jmp T_16.11;
T_16.2 ;
    %pushi/vec4 1, 0, 1;
    %store/vec4 v00000232f014a0a0_0, 0, 1;
    %pushi/vec4 1, 0, 1;
    %store/vec4 v00000232f014bb80_0, 0, 1;
    %load/vec4 v00000232f014bd60_0;
    %nor/r;
    %flag_set/vec4 8;
    %jmp/0xz  T_16.23, 8;
    %pushi/vec4 1, 0, 1;
    %store/vec4 v00000232f014a280_0, 0, 1;
    %pushi/vec4 1, 0, 32;
    %store/vec4 v00000232f00e2740_0, 0, 32;
    %callf/vec4 TD_traffic_tb.DUT.u_fsm.SEC, S_00000232f00db530;
    %store/vec4 v00000232f014af00_0, 0, 16;
T_16.23 ;
    %load/vec4 v00000232f014bd60_0;
    %nor/r;
    %flag_set/vec4 9;
    %flag_get/vec4 9;
    %jmp/0 T_16.27, 9;
    %load/vec4 v00000232f014af00_0;
    %pad/u 32;
    %pushi/vec4 0, 0, 32;
    %cmp/e;
    %flag_get/vec4 4;
    %and;
T_16.27;
    %flag_set/vec4 8;
    %jmp/0xz  T_16.25, 8;
    %load/vec4 v00000232f014a8c0_0;
    %flag_set/vec4 8;
    %jmp/0 T_16.28, 8;
    %pushi/vec4 6, 0, 4;
    %jmp/1 T_16.29, 8;
T_16.28 ; End of true expr.
    %pushi/vec4 3, 0, 4;
    %jmp/0 T_16.29, 8;
 ; End of false expr.
    %blend;
T_16.29;
    %store/vec4 v00000232f014bc20_0, 0, 4;
T_16.25 ;
    %jmp T_16.11;
T_16.3 ;
    %pushi/vec4 1, 0, 1;
    %store/vec4 v00000232f014ab40_0, 0, 1;
    %pushi/vec4 0, 0, 1;
    %store/vec4 v00000232f014bb80_0, 0, 1;
    %pushi/vec4 1, 0, 1;
    %store/vec4 v00000232f014a0a0_0, 0, 1;
    %load/vec4 v00000232f014bd60_0;
    %nor/r;
    %flag_set/vec4 8;
    %jmp/0xz  T_16.30, 8;
    %pushi/vec4 1, 0, 1;
    %store/vec4 v00000232f014a280_0, 0, 1;
    %pushi/vec4 12, 0, 32;
    %store/vec4 v00000232f00e2740_0, 0, 32;
    %callf/vec4 TD_traffic_tb.DUT.u_fsm.SEC, S_00000232f00db530;
    %store/vec4 v00000232f014af00_0, 0, 16;
T_16.30 ;
    %load/vec4 v00000232f014bd60_0;
    %nor/r;
    %flag_set/vec4 9;
    %flag_get/vec4 9;
    %jmp/0 T_16.34, 9;
    %load/vec4 v00000232f014a8c0_0;
    %flag_set/vec4 9;
    %flag_get/vec4 9;
    %jmp/1 T_16.35, 9;
    %load/vec4 v00000232f014a960_0;
    %or;
T_16.35;
    %and;
T_16.34;
    %flag_set/vec4 8;
    %jmp/0xz  T_16.32, 8;
    %pushi/vec4 4, 0, 4;
    %store/vec4 v00000232f014bc20_0, 0, 4;
T_16.32 ;
    %jmp T_16.11;
T_16.4 ;
    %pushi/vec4 1, 0, 1;
    %store/vec4 v00000232f014ae60_0, 0, 1;
    %pushi/vec4 0, 0, 1;
    %store/vec4 v00000232f014bb80_0, 0, 1;
    %pushi/vec4 1, 0, 1;
    %store/vec4 v00000232f014a0a0_0, 0, 1;
    %load/vec4 v00000232f014bd60_0;
    %nor/r;
    %flag_set/vec4 8;
    %jmp/0xz  T_16.36, 8;
    %pushi/vec4 1, 0, 1;
    %store/vec4 v00000232f014a280_0, 0, 1;
    %pushi/vec4 3, 0, 32;
    %store/vec4 v00000232f00e2740_0, 0, 32;
    %callf/vec4 TD_traffic_tb.DUT.u_fsm.SEC, S_00000232f00db530;
    %store/vec4 v00000232f014af00_0, 0, 16;
T_16.36 ;
    %load/vec4 v00000232f014bd60_0;
    %nor/r;
    %flag_set/vec4 9;
    %flag_get/vec4 9;
    %jmp/0 T_16.40, 9;
    %load/vec4 v00000232f014af00_0;
    %pad/u 32;
    %pushi/vec4 0, 0, 32;
    %cmp/e;
    %flag_get/vec4 4;
    %and;
T_16.40;
    %flag_set/vec4 8;
    %jmp/0xz  T_16.38, 8;
    %pushi/vec4 5, 0, 4;
    %store/vec4 v00000232f014bc20_0, 0, 4;
T_16.38 ;
    %jmp T_16.11;
T_16.5 ;
    %pushi/vec4 1, 0, 1;
    %store/vec4 v00000232f014a0a0_0, 0, 1;
    %pushi/vec4 1, 0, 1;
    %store/vec4 v00000232f014bb80_0, 0, 1;
    %load/vec4 v00000232f014bd60_0;
    %nor/r;
    %flag_set/vec4 8;
    %jmp/0xz  T_16.41, 8;
    %pushi/vec4 1, 0, 1;
    %store/vec4 v00000232f014a280_0, 0, 1;
    %pushi/vec4 1, 0, 32;
    %store/vec4 v00000232f00e2740_0, 0, 32;
    %callf/vec4 TD_traffic_tb.DUT.u_fsm.SEC, S_00000232f00db530;
    %store/vec4 v00000232f014af00_0, 0, 16;
T_16.41 ;
    %load/vec4 v00000232f014bd60_0;
    %nor/r;
    %flag_set/vec4 9;
    %flag_get/vec4 9;
    %jmp/0 T_16.45, 9;
    %load/vec4 v00000232f014af00_0;
    %pad/u 32;
    %pushi/vec4 0, 0, 32;
    %cmp/e;
    %flag_get/vec4 4;
    %and;
T_16.45;
    %flag_set/vec4 8;
    %jmp/0xz  T_16.43, 8;
    %load/vec4 v00000232f014a8c0_0;
    %flag_set/vec4 8;
    %jmp/0 T_16.46, 8;
    %pushi/vec4 6, 0, 4;
    %jmp/1 T_16.47, 8;
T_16.46 ; End of true expr.
    %pushi/vec4 0, 0, 4;
    %jmp/0 T_16.47, 8;
 ; End of false expr.
    %blend;
T_16.47;
    %store/vec4 v00000232f014bc20_0, 0, 4;
T_16.43 ;
    %jmp T_16.11;
T_16.6 ;
    %pushi/vec4 1, 0, 1;
    %store/vec4 v00000232f014a0a0_0, 0, 1;
    %pushi/vec4 1, 0, 1;
    %store/vec4 v00000232f014bb80_0, 0, 1;
    %pushi/vec4 1, 0, 1;
    %store/vec4 v00000232f014ad20_0, 0, 1;
    %pushi/vec4 0, 0, 1;
    %store/vec4 v00000232f014a1e0_0, 0, 1;
    %load/vec4 v00000232f014bd60_0;
    %nor/r;
    %flag_set/vec4 8;
    %jmp/0xz  T_16.48, 8;
    %pushi/vec4 1, 0, 1;
    %store/vec4 v00000232f014a280_0, 0, 1;
    %pushi/vec4 8, 0, 32;
    %store/vec4 v00000232f00e2740_0, 0, 32;
    %callf/vec4 TD_traffic_tb.DUT.u_fsm.SEC, S_00000232f00db530;
    %store/vec4 v00000232f014af00_0, 0, 16;
T_16.48 ;
    %load/vec4 v00000232f014bd60_0;
    %nor/r;
    %flag_set/vec4 9;
    %flag_get/vec4 9;
    %jmp/0 T_16.52, 9;
    %load/vec4 v00000232f014af00_0;
    %pad/u 32;
    %pushi/vec4 0, 0, 32;
    %cmp/e;
    %flag_get/vec4 4;
    %and;
T_16.52;
    %flag_set/vec4 8;
    %jmp/0xz  T_16.50, 8;
    %pushi/vec4 7, 0, 4;
    %store/vec4 v00000232f014bc20_0, 0, 4;
T_16.50 ;
    %jmp T_16.11;
T_16.7 ;
    %pushi/vec4 1, 0, 1;
    %store/vec4 v00000232f014a0a0_0, 0, 1;
    %pushi/vec4 1, 0, 1;
    %store/vec4 v00000232f014bb80_0, 0, 1;
    %pushi/vec4 1, 0, 1;
    %store/vec4 v00000232f014a1e0_0, 0, 1;
    %load/vec4 v00000232f014bd60_0;
    %nor/r;
    %flag_set/vec4 8;
    %jmp/0xz  T_16.53, 8;
    %pushi/vec4 1, 0, 1;
    %store/vec4 v00000232f014a280_0, 0, 1;
    %pushi/vec4 1, 0, 32;
    %store/vec4 v00000232f00e2740_0, 0, 32;
    %callf/vec4 TD_traffic_tb.DUT.u_fsm.SEC, S_00000232f00db530;
    %store/vec4 v00000232f014af00_0, 0, 16;
T_16.53 ;
    %load/vec4 v00000232f014bd60_0;
    %nor/r;
    %flag_set/vec4 9;
    %flag_get/vec4 9;
    %jmp/0 T_16.57, 9;
    %load/vec4 v00000232f014af00_0;
    %pad/u 32;
    %pushi/vec4 0, 0, 32;
    %cmp/e;
    %flag_get/vec4 4;
    %and;
T_16.57;
    %flag_set/vec4 8;
    %jmp/0xz  T_16.55, 8;
    %pushi/vec4 0, 0, 4;
    %store/vec4 v00000232f014bc20_0, 0, 4;
T_16.55 ;
    %jmp T_16.11;
T_16.8 ;
    %pushi/vec4 1, 0, 1;
    %store/vec4 v00000232f014a0a0_0, 0, 1;
    %pushi/vec4 1, 0, 1;
    %store/vec4 v00000232f014bb80_0, 0, 1;
    %pushi/vec4 1, 0, 1;
    %store/vec4 v00000232f014a1e0_0, 0, 1;
    %jmp T_16.11;
T_16.9 ;
    %pushi/vec4 1, 0, 1;
    %store/vec4 v00000232f014a1e0_0, 0, 1;
    %load/vec4 v00000232f014b9a0_0;
    %store/vec4 v00000232f014a780_0, 0, 1;
    %load/vec4 v00000232f014b9a0_0;
    %inv;
    %store/vec4 v00000232f014a0a0_0, 0, 1;
    %load/vec4 v00000232f014b9a0_0;
    %store/vec4 v00000232f014bb80_0, 0, 1;
    %load/vec4 v00000232f014b9a0_0;
    %inv;
    %store/vec4 v00000232f014ae60_0, 0, 1;
    %jmp T_16.11;
T_16.11 ;
    %pop/vec4 1;
    %jmp T_16;
    .thread T_16, $push;
    .scope S_00000232f00e0ba0;
T_17 ;
    %pushi/vec4 0, 0, 1;
    %store/vec4 v00000232f01896c0_0, 0, 1;
    %pushi/vec4 1, 0, 1;
    %store/vec4 v00000232f01885e0_0, 0, 1;
    %pushi/vec4 0, 0, 1;
    %store/vec4 v00000232f01880e0_0, 0, 1;
    %pushi/vec4 0, 0, 1;
    %store/vec4 v00000232f0188e00_0, 0, 1;
    %pushi/vec4 0, 0, 1;
    %store/vec4 v00000232f01889a0_0, 0, 1;
    %pushi/vec4 0, 0, 1;
    %store/vec4 v00000232f0188c20_0, 0, 1;
    %pushi/vec4 0, 0, 1;
    %store/vec4 v00000232f0189440_0, 0, 1;
    %end;
    .thread T_17, $init;
    .scope S_00000232f00e0ba0;
T_18 ;
    %delay 5000, 0;
    %load/vec4 v00000232f01896c0_0;
    %inv;
    %store/vec4 v00000232f01896c0_0, 0, 1;
    %jmp T_18;
    .thread T_18;
    .scope S_00000232f00e0ba0;
T_19 ;
    %wait E_00000232f00ed850;
    %load/vec4 v00000232f014c650_0;
    %flag_set/vec4 9;
    %flag_get/vec4 9;
    %jmp/0 T_19.2, 9;
    %load/vec4 v00000232f014bf70_0;
    %and;
T_19.2;
    %flag_set/vec4 8;
    %jmp/0xz  T_19.0, 8;
    %vpi_call/w 3 51 "$display", "\342\235\214 FATAL: NS_G and EW_G both HIGH at time %0t", $time {0 0 0};
    %vpi_call/w 3 52 "$finish" {0 0 0};
T_19.0 ;
    %jmp T_19;
    .thread T_19;
    .scope S_00000232f00e0ba0;
T_20 ;
    %wait E_00000232f00edc90;
    %vpi_call/w 3 60 "$display", "T=%0t | NS[G=%b Y=%b R=%b] EW[G=%b Y=%b R=%b] PED_WALK=%b", $time, v00000232f014c650_0, v00000232f014c830_0, v00000232f014d230_0, v00000232f014bf70_0, v00000232f014c5b0_0, v00000232f014d050_0, v00000232f0188cc0_0 {0 0 0};
    %jmp T_20;
    .thread T_20, $push;
    .scope S_00000232f00e0ba0;
T_21 ;
    %vpi_call/w 3 69 "$dumpfile", "simulation/traffic.vcd" {0 0 0};
    %vpi_call/w 3 70 "$dumpvars", 32'sb00000000000000000000000000000000, S_00000232f00e0ba0 {0 0 0};
    %vpi_call/w 3 72 "$display", "=== FPGA Traffic Light Controller Simulation ===" {0 0 0};
    %delay 100000, 0;
    %pushi/vec4 0, 0, 1;
    %store/vec4 v00000232f01885e0_0, 0, 1;
    %vpi_call/w 3 76 "$display", ">> Reset released \342\200\224 Normal cycle starting" {0 0 0};
    %delay 5000000, 0;
    %vpi_call/w 3 82 "$display", ">> EW vehicle detected" {0 0 0};
    %pushi/vec4 1, 0, 1;
    %store/vec4 v00000232f0188e00_0, 0, 1;
    %delay 3000000, 0;
    %pushi/vec4 0, 0, 1;
    %store/vec4 v00000232f0188e00_0, 0, 1;
    %delay 5000000, 0;
    %vpi_call/w 3 88 "$display", ">> Pedestrian button pressed" {0 0 0};
    %pushi/vec4 1, 0, 1;
    %store/vec4 v00000232f01889a0_0, 0, 1;
    %delay 500000, 0;
    %pushi/vec4 0, 0, 1;
    %store/vec4 v00000232f01889a0_0, 0, 1;
    %delay 15000000, 0;
    %vpi_call/w 3 96 "$display", ">> EMERGENCY triggered \342\200\224 All RED" {0 0 0};
    %pushi/vec4 1, 0, 1;
    %store/vec4 v00000232f0188c20_0, 0, 1;
    %delay 8000000, 0;
    %pushi/vec4 0, 0, 1;
    %store/vec4 v00000232f0188c20_0, 0, 1;
    %vpi_call/w 3 99 "$display", ">> Emergency cleared \342\200\224 resuming" {0 0 0};
    %delay 10000000, 0;
    %vpi_call/w 3 103 "$display", ">> Night mode ON" {0 0 0};
    %pushi/vec4 1, 0, 1;
    %store/vec4 v00000232f0189440_0, 0, 1;
    %delay 10000000, 0;
    %pushi/vec4 0, 0, 1;
    %store/vec4 v00000232f0189440_0, 0, 1;
    %vpi_call/w 3 106 "$display", ">> Night mode OFF \342\200\224 resuming normal" {0 0 0};
    %delay 20000000, 0;
    %vpi_call/w 3 111 "$display", "=== Simulation Complete \342\200\224 No conflicts detected \342\234\205 ===" {0 0 0};
    %vpi_call/w 3 112 "$finish" {0 0 0};
    %end;
    .thread T_21;
# The file index is used to find the file name in the following table.
:file_names 9;
    "N/A";
    "<interactive>";
    "-";
    "tb/traffic_tb.v";
    "rtl/top.v";
    "rtl/debounce_sync.v";
    "rtl/traffic_fsm.v";
    "rtl/timer.v";
    "rtl/clk_en.v";
